library/build/outputs/logs/manifest-merger-debug-report.txt
-- Merging decision tree log ---
manifest
ADDED from src\main\AndroidManifest.xml:1:1-46:12
INJECTED from src\main\AndroidManifest.xml:1:1-46:12
INJECTED from src\main\AndroidManifest.xml:1:1-46:12
INJECTED from src\main\AndroidManifest.xml:1:1-46:12
INJECTED from src\main\AndroidManifest.xml:1:1-46:12
INJECTED from src\main\AndroidManifest.xml:1:1-46:12
INJECTED from src\main\AndroidManifest.xml:1:1-46:12
	package
		ADDED from src\main\AndroidManifest.xml:2:5-33
		INJECTED from src\main\AndroidManifest.xml
		INJECTED from src\main\AndroidManifest.xml
	android:versionName
		INJECTED from src\main\AndroidManifest.xml
		ADDED from src\main\AndroidManifest.xml:1:1-46:12
		INJECTED from src\main\AndroidManifest.xml
	android:versionCode
		INJECTED from src\main\AndroidManifest.xml
		ADDED from src\main\AndroidManifest.xml:1:1-46:12
		INJECTED from src\main\AndroidManifest.xml
	xmlns:android
		ADDED from src\main\AndroidManifest.xml:1:11-69
uses-permission#android.permission.MOUNT_UNMOUNT_FILESYSTEMS
ADDED from src\main\AndroidManifest.xml:5:5-84
	android:name
		ADDED from src\main\AndroidManifest.xml:5:22-81
uses-permission#android.permission.WRITE_EXTERNAL_STORAGE
ADDED from src\main\AndroidManifest.xml:7:5-81
	android:name
		ADDED from src\main\AndroidManifest.xml:7:22-78
uses-permission#android.permission.READ_EXTERNAL_STORAGE
ADDED from src\main\AndroidManifest.xml:9:5-80
	android:name
		ADDED from src\main\AndroidManifest.xml:9:22-77
uses-permission#android.permission.CAMERA
ADDED from src\main\AndroidManifest.xml:11:5-65
	android:name
		ADDED from src\main\AndroidManifest.xml:11:22-62
application
ADDED from src\main\AndroidManifest.xml:13:5-44:19
	android:supportsRtl
		ADDED from src\main\AndroidManifest.xml:15:9-35
	android:allowBackup
		ADDED from src\main\AndroidManifest.xml:14:9-35
activity#com.huburt.library.ui.ShadowActivity
ADDED from src\main\AndroidManifest.xml:17:9-55
	android:name
		ADDED from src\main\AndroidManifest.xml:17:19-52
activity#com.huburt.library.ui.ImageGridActivity
ADDED from src\main\AndroidManifest.xml:19:9-21:55
	android:theme
		ADDED from src\main\AndroidManifest.xml:21:13-52
	android:name
		ADDED from src\main\AndroidManifest.xml:20:13-49
activity#com.huburt.library.ui.ImagePreviewActivity
ADDED from src\main\AndroidManifest.xml:23:9-25:55
	android:theme
		ADDED from src\main\AndroidManifest.xml:25:13-52
	android:name
		ADDED from src\main\AndroidManifest.xml:24:13-52
activity#com.huburt.library.ui.ImagePreviewDelActivity
ADDED from src\main\AndroidManifest.xml:27:9-29:55
	android:theme
		ADDED from src\main\AndroidManifest.xml:29:13-52
	android:name
		ADDED from src\main\AndroidManifest.xml:28:13-55
activity#com.huburt.library.ui.ImageCropActivity
ADDED from src\main\AndroidManifest.xml:31:9-33:55
	android:theme
		ADDED from src\main\AndroidManifest.xml:33:13-52
	android:name
		ADDED from src\main\AndroidManifest.xml:32:13-49
provider#com.huburt.library.ImagePickerProvider
ADDED from src\main\AndroidManifest.xml:35:9-43:20
	android:grantUriPermissions
		ADDED from src\main\AndroidManifest.xml:39:13-47
	android:authorities
		ADDED from src\main\AndroidManifest.xml:37:13-60
	android:exported
		ADDED from src\main\AndroidManifest.xml:38:13-37
	android:name
		ADDED from src\main\AndroidManifest.xml:36:13-48
meta-data#android.support.FILE_PROVIDER_PATHS
ADDED from src\main\AndroidManifest.xml:40:13-42:58
	android:resource
		ADDED from src\main\AndroidManifest.xml:42:17-55
	android:name
		ADDED from src\main\AndroidManifest.xml:41:17-67
uses-sdk
INJECTED from src\main\AndroidManifest.xml reason: use-sdk injection requested
INJECTED from src\main\AndroidManifest.xml
INJECTED from src\main\AndroidManifest.xml
INJECTED from src\main\AndroidManifest.xml
INJECTED from src\main\AndroidManifest.xml
	android:targetSdkVersion
		INJECTED from src\main\AndroidManifest.xml
		ADDED from src\main\AndroidManifest.xml
		INJECTED from src\main\AndroidManifest.xml
	android:minSdkVersion
		INJECTED from src\main\AndroidManifest.xml
		ADDED from src\main\AndroidManifest.xml
		INJECTED from src\main\AndroidManifest.xml